<?xml version="1.0" encoding="UTF-8"?>
<!-- Generated by org.testng.reporters.JUnitReportReporter -->
<testsuite hostname="Vijay" failures="0" tests="4" name="demo1.NewTest1" time="0.014" errors="0" timestamp="2023-04-27T16:12:30 IST" skipped="0">
  <testcase classname="demo1.NewTest1" name="add" time="0.011"/>
  <system-out/>
  <testcase classname="demo1.NewTest1" name="div" time="0.001"/>
  <system-out/>
  <testcase classname="demo1.NewTest1" name="mul" time="0.001"/>
  <system-out/>
  <testcase classname="demo1.NewTest1" name="sub" time="0.001"/>
  <system-out/>
</testsuite> <!-- demo1.NewTest1 -->
