<?xml version="1.0" encoding="UTF-8"?>
<!-- Generated by org.testng.reporters.JUnitReportReporter -->
<testsuite hostname="Vijay" failures="0" tests="1" name="demo1.demo2" time="11.949" errors="0" timestamp="2023-05-03T12:30:11 IST" skipped="0">
  <testcase classname="demo1.demo2" name="TC_001" time="11.949"/>
  <system-out/>
</testsuite> <!-- demo1.demo2 -->
