<?xml version="1.0" encoding="UTF-8"?>
<!-- Generated by org.testng.reporters.JUnitReportReporter -->
<testsuite hostname="Vijay" failures="0" tests="2" name="demo1.NewTest" time="26.107" errors="0" timestamp="2023-04-27T16:15:52 IST" skipped="0">
  <testcase classname="demo1.NewTest" name="logout" time="8.074"/>
  <system-out/>
  <testcase classname="demo1.NewTest" name="Login" time="18.033"/>
  <system-out/>
</testsuite> <!-- demo1.NewTest -->
