<?xml version="1.0" encoding="UTF-8"?>
<!-- Generated by org.testng.reporters.JUnitReportReporter -->
<testsuite hostname="Vijay" failures="0" tests="1" name="Day9.Day9.NewTest1" time="20.964" errors="0" timestamp="2023-05-02T12:28:10 IST" skipped="0">
  <testcase classname="Day9.Day9.NewTest1" name="fTC_001" time="20.964"/>
  <system-out/>
</testsuite> <!-- Day9.Day9.NewTest1 -->
